<?xml version="1.0" encoding="UTF-8"?>
<testng-results ignored="0" total="1" passed="1" failed="0" skipped="0">
  <reporter-output>
  </reporter-output>
  <suite started-at="2021-05-15T12:58:52Z" name="Default suite" finished-at="2021-05-15T12:58:52Z" duration-ms="480">
    <groups>
    </groups>
    <test started-at="2021-05-15T12:58:52Z" name="Default test" finished-at="2021-05-15T12:58:52Z" duration-ms="480">
      <class name="teestNG.Database">
        <test-method signature="jdbcconnection()[pri:0, instance:teestNG.Database@445b295b]" started-at="2021-05-15T12:58:52Z" name="jdbcconnection" finished-at="2021-05-15T12:58:52Z" duration-ms="464" status="PASS">
          <reporter-output>
          </reporter-output>
        </test-method> <!-- jdbcconnection -->
      </class> <!-- teestNG.Database -->
    </test> <!-- Default test -->
  </suite> <!-- Default suite -->
</testng-results>
